Using pre-set license
Built from '2020.3/release' branch; Version is '2020.3.2f1 (8fd9074bf66c) revision 9427207'; Using compiler version '192528614'; Build Type 'Release'
OS: 'Windows 10 Home; OS build 19042.1110; Version 2009; 64bit' Language: 'en' Physical Memory: 32719 MB
BatchMode: 1, IsHumanControllingUs: 0, StartBugReporterOnCrash: 0, Is64bit: 1, IsPro: 0

 COMMAND LINE ARGUMENTS:
C:\Program Files\Unity\2020.3.2f1\Editor\Unity.exe
-adb2
-batchMode
-noUpm
-name
AssetImportWorker0
-projectPath
D:/User/Public/Documents/GameDev/Tower War
-logFile
Logs/AssetImportWorker0.log
-srvPort
62534
Successfully changed project path to: D:/User/Public/Documents/GameDev/Tower War
D:/User/Public/Documents/GameDev/Tower War
Using Asset Import Pipeline V2.
Refreshing native plugins compatible for Editor in 40.81 ms, found 1 plugins.
Preloading 0 native plugins for Editor in 0.00 ms.
Initialize engine version: 2020.3.2f1 (8fd9074bf66c)
[Subsystems] Discovering subsystems at path C:/Program Files/Unity/2020.3.2f1/Editor/Data/Resources/UnitySubsystems
[Subsystems] Discovering subsystems at path D:/User/Public/Documents/GameDev/Tower War/Assets
GfxDevice: creating device client; threaded=0
Direct3D:
    Version:  Direct3D 11.0 [level 11.1]
    Renderer: NVIDIA GeForce GTX 1070 (ID=0x1b81)
    Vendor:   
    VRAM:     8088 MB
    Driver:   27.21.14.6647
Initialize mono
Mono path[0] = 'C:/Program Files/Unity/2020.3.2f1/Editor/Data/Managed'
Mono path[1] = 'C:/Program Files/Unity/2020.3.2f1/Editor/Data/MonoBleedingEdge/lib/mono/unityjit'
Mono config path = 'C:/Program Files/Unity/2020.3.2f1/Editor/Data/MonoBleedingEdge/etc'
Using monoOptions --debugger-agent=transport=dt_socket,embedding=1,server=y,suspend=n,address=127.0.0.1:56580
Begin MonoManager ReloadAssembly
Registering precompiled unity dll's ...
Register platform support module: C:/Program Files/Unity/2020.3.2f1/Editor/Data/PlaybackEngines/WebGLSupport/UnityEditor.WebGL.Extensions.dll
Register platform support module: C:/Program Files/Unity/2020.3.2f1/Editor/Data/PlaybackEngines/WindowsStandaloneSupport/UnityEditor.WindowsStandalone.Extensions.dll
Registered in 0.002716 seconds.
Native extension for WindowsStandalone target not found
Native extension for WebGL target not found
Refreshing native plugins compatible for Editor in 42.79 ms, found 1 plugins.
Preloading 0 native plugins for Editor in 0.00 ms.
Invoked RoslynAnalysisRunner static constructor.
RoslynAnalysisRunner will not be running.
RoslynAnalysisRunner has terminated.
Mono: successfully reloaded assembly
- Completed reload, in  2.083 seconds
Platform modules already initialized, skipping
Registering precompiled user dll's ...
Registered in 0.001007 seconds.
Begin MonoManager ReloadAssembly
Native extension for WindowsStandalone target not found
Native extension for WebGL target not found
Refreshing native plugins compatible for Editor in 49.62 ms, found 1 plugins.
Preloading 0 native plugins for Editor in 0.00 ms.
Invoked RoslynAnalysisRunner static constructor.
RoslynAnalysisRunner will not be running.
RoslynAnalysisRunner has terminated.
Mono: successfully reloaded assembly
- Completed reload, in  1.085 seconds
Platform modules already initialized, skipping
========================================================================
Worker process is ready to serve import requests
Launched and connected shader compiler UnityShaderCompiler.exe after 0.04 seconds
Refreshing native plugins compatible for Editor in 0.40 ms, found 1 plugins.
Preloading 0 native plugins for Editor in 0.00 ms.
Unloading 2259 Unused Serialized files (Serialized files now loaded: 0)
System memory in use before: 103.3 MB.
System memory in use after: 103.4 MB.

Unloading 22 unused Assets to reduce memory usage. Loaded Objects now: 2709.
Total: 2.175800 ms (FindLiveObjects: 0.209100 ms CreateObjectMapping: 0.107900 ms MarkObjects: 1.796200 ms  DeleteObjects: 0.061600 ms)

========================================================================
Received Import Request.
  path: Assets/Script/UnitScript.cs
  artifactKey: Guid(0f9efabd0519e3e4b92d1fc3dbb29175) Importer(815301076,1909f56bfc062723c751e8b465ee728b)
Start importing Assets/Script/UnitScript.cs using Guid(0f9efabd0519e3e4b92d1fc3dbb29175) Importer(815301076,1909f56bfc062723c751e8b465ee728b)  -> (artifact id: 'c626b5ba1e06220f4af2f24a5aedbee0') in 0.078747 seconds
  Import took 0.082024 seconds .

========================================================================
Received Prepare
Refreshing native plugins compatible for Editor in 1.38 ms, found 1 plugins.
Preloading 0 native plugins for Editor in 0.00 ms.
Unloading 6 Unused Serialized files (Serialized files now loaded: 0)
System memory in use before: 56.9 MB.
System memory in use after: 57.0 MB.

Unloading 6 unused Assets to reduce memory usage. Loaded Objects now: 2709.
Total: 4.272600 ms (FindLiveObjects: 0.204100 ms CreateObjectMapping: 0.093700 ms MarkObjects: 3.953700 ms  DeleteObjects: 0.020000 ms)

========================================================================
Received Import Request.
  Time since last request: 291.606216 seconds.
  path: Assets/Sprite/PngItem_4670688.png
  artifactKey: Guid(f201256fd1df3e34e8552743c566f84e) Importer(815301076,1909f56bfc062723c751e8b465ee728b)
Start importing Assets/Sprite/PngItem_4670688.png using Guid(f201256fd1df3e34e8552743c566f84e) Importer(815301076,1909f56bfc062723c751e8b465ee728b)  -> (artifact id: '31356bfbf1d5a733a8dead7c1de45e1f') in 0.122999 seconds
  Import took 0.126393 seconds .

========================================================================
Received Import Request.
  Time since last request: 9.037157 seconds.
  path: Assets/Sprite/PngItem_4670688.png
  artifactKey: Guid(f201256fd1df3e34e8552743c566f84e) Importer(815301076,1909f56bfc062723c751e8b465ee728b)
Start importing Assets/Sprite/PngItem_4670688.png using Guid(f201256fd1df3e34e8552743c566f84e) Importer(815301076,1909f56bfc062723c751e8b465ee728b)  -> (artifact id: '49e58f5e7eed86d9f0c6705f04770432') in 0.010625 seconds
  Import took 0.040551 seconds .

========================================================================
Received Import Request.
  Time since last request: 51.346667 seconds.
  path: Assets/Sprite/PngItem_4670688.png
  artifactKey: Guid(f201256fd1df3e34e8552743c566f84e) Importer(815301076,1909f56bfc062723c751e8b465ee728b)
Start importing Assets/Sprite/PngItem_4670688.png using Guid(f201256fd1df3e34e8552743c566f84e) Importer(815301076,1909f56bfc062723c751e8b465ee728b)  -> (artifact id: '629b33e16e9deadf6fc921d9610e0e6e') in 0.077515 seconds
  Import took 0.080869 seconds .

========================================================================
Received Import Request.
  Time since last request: 24.693273 seconds.
  path: Assets/Sprite/PngItem_4670688.png
  artifactKey: Guid(f201256fd1df3e34e8552743c566f84e) Importer(815301076,1909f56bfc062723c751e8b465ee728b)
Start importing Assets/Sprite/PngItem_4670688.png using Guid(f201256fd1df3e34e8552743c566f84e) Importer(815301076,1909f56bfc062723c751e8b465ee728b)  -> (artifact id: 'c310e9d5ec2dc5f524e5f45d0d5ae688') in 0.087170 seconds
  Import took 0.090392 seconds .

========================================================================
Received Import Request.
  Time since last request: 59.107008 seconds.
  path: Assets/Sprite/PngItem_4670688.png
  artifactKey: Guid(f201256fd1df3e34e8552743c566f84e) Importer(815301076,1909f56bfc062723c751e8b465ee728b)
Start importing Assets/Sprite/PngItem_4670688.png using Guid(f201256fd1df3e34e8552743c566f84e) Importer(815301076,1909f56bfc062723c751e8b465ee728b)  -> (artifact id: '81f7968d4ef6ed2a419e2be8a19f15da') in 0.075076 seconds
  Import took 0.840272 seconds .

========================================================================
Received Import Request.
  Time since last request: 80.673155 seconds.
  path: Assets/Sprite/PngItem_4670688_6.controller
  artifactKey: Guid(ad12eb3935431d84fa8d7e8744be9572) Importer(815301076,1909f56bfc062723c751e8b465ee728b)
Start importing Assets/Sprite/PngItem_4670688_6.controller using Guid(ad12eb3935431d84fa8d7e8744be9572) Importer(815301076,1909f56bfc062723c751e8b465ee728b)  -> (artifact id: 'e0936e08776d8611a5f73cd2a4b344b2') in 0.011277 seconds
  Import took 0.014419 seconds .

========================================================================
Received Import Request.
  Time since last request: 9.641488 seconds.
  path: Assets/Sprite/RedKnightAnimation.anim
  artifactKey: Guid(da698c24496da2341a26a5b8388c0e4b) Importer(815301076,1909f56bfc062723c751e8b465ee728b)
Start importing Assets/Sprite/RedKnightAnimation.anim using Guid(da698c24496da2341a26a5b8388c0e4b) Importer(815301076,1909f56bfc062723c751e8b465ee728b)  -> (artifact id: 'c6f6955c2898c6a1a7fa90babda7903d') in 0.007573 seconds
  Import took 0.010743 seconds .

========================================================================
Received Prepare
Registering precompiled user dll's ...
Registered in 0.001000 seconds.
Begin MonoManager ReloadAssembly
Native extension for WindowsStandalone target not found
Native extension for WebGL target not found
Refreshing native plugins compatible for Editor in 0.37 ms, found 1 plugins.
Preloading 0 native plugins for Editor in 0.00 ms.
Invoked RoslynAnalysisRunner static constructor.
RoslynAnalysisRunner will not be running.
RoslynAnalysisRunner has terminated.
Mono: successfully reloaded assembly
- Completed reload, in  0.881 seconds
Platform modules already initialized, skipping
Refreshing native plugins compatible for Editor in 0.36 ms, found 1 plugins.
Preloading 0 native plugins for Editor in 0.00 ms.
Unloading 2232 Unused Serialized files (Serialized files now loaded: 0)
System memory in use before: 104.3 MB.
System memory in use after: 104.5 MB.

Unloading 8 unused Assets to reduce memory usage. Loaded Objects now: 2736.
Total: 2.247100 ms (FindLiveObjects: 0.255200 ms CreateObjectMapping: 0.236900 ms MarkObjects: 1.737600 ms  DeleteObjects: 0.016300 ms)

========================================================================
Received Import Request.
  Time since last request: 11.629658 seconds.
  path: Assets/Sprite/FrontWalk.anim
  artifactKey: Guid(da698c24496da2341a26a5b8388c0e4b) Importer(815301076,1909f56bfc062723c751e8b465ee728b)
Start importing Assets/Sprite/FrontWalk.anim using Guid(da698c24496da2341a26a5b8388c0e4b) Importer(815301076,1909f56bfc062723c751e8b465ee728b)  -> (artifact id: '383cd2601aa82336f89c662ae0b7d8d3') in 0.016019 seconds
  Import took 0.021834 seconds .

========================================================================
Received Import Request.
  Time since last request: 0.490248 seconds.
  path: Assets/Sprite
  artifactKey: Guid(2225393ca7926a14e9bd82f21ba7a5f7) Importer(815301076,1909f56bfc062723c751e8b465ee728b)
Start importing Assets/Sprite using Guid(2225393ca7926a14e9bd82f21ba7a5f7) Importer(815301076,1909f56bfc062723c751e8b465ee728b)  -> (artifact id: '122183130e510cdaf2990be6898a9403') in 0.007252 seconds
  Import took 0.010319 seconds .

========================================================================
Received Import Request.
  Time since last request: 6.436321 seconds.
  path: Assets/Sprite/RedKnight
  artifactKey: Guid(5fb093ff1da540f449feba15c8a1a0e0) Importer(815301076,1909f56bfc062723c751e8b465ee728b)
Start importing Assets/Sprite/RedKnight using Guid(5fb093ff1da540f449feba15c8a1a0e0) Importer(815301076,1909f56bfc062723c751e8b465ee728b)  -> (artifact id: 'ae191cd25f8f5f862c80ba8380afc743') in 0.006013 seconds
  Import took 0.009405 seconds .

========================================================================
Received Import Request.
  Time since last request: 21.423448 seconds.
  path: Assets/Sprite/RedKnight/RKAnimation.controller
  artifactKey: Guid(ad12eb3935431d84fa8d7e8744be9572) Importer(815301076,1909f56bfc062723c751e8b465ee728b)
Start importing Assets/Sprite/RedKnight/RKAnimation.controller using Guid(ad12eb3935431d84fa8d7e8744be9572) Importer(815301076,1909f56bfc062723c751e8b465ee728b)  -> (artifact id: 'e2a62847d6114edd358d79c1f9d7ff8c') in 0.007587 seconds
  Import took 0.010876 seconds .

========================================================================
Received Import Request.
  Time since last request: 19.791008 seconds.
  path: Assets/Sprite/RedKnight/RK_Front.anim
  artifactKey: Guid(da698c24496da2341a26a5b8388c0e4b) Importer(815301076,1909f56bfc062723c751e8b465ee728b)
Start importing Assets/Sprite/RedKnight/RK_Front.anim using Guid(da698c24496da2341a26a5b8388c0e4b) Importer(815301076,1909f56bfc062723c751e8b465ee728b)  -> (artifact id: 'f534854ecdcc4283a41a784ab92d9d44') in 0.010804 seconds
  Import took 0.013865 seconds .

========================================================================
Received Import Request.
  Time since last request: 51.277356 seconds.
  path: Assets/Sprite/RK_LeftWalk.anim
  artifactKey: Guid(8b28841e3b8a5e24e86b89f6d11d8db1) Importer(815301076,1909f56bfc062723c751e8b465ee728b)
Start importing Assets/Sprite/RK_LeftWalk.anim using Guid(8b28841e3b8a5e24e86b89f6d11d8db1) Importer(815301076,1909f56bfc062723c751e8b465ee728b)  -> (artifact id: '1cb4986e22f293c867d3557b43eef375') in 0.005907 seconds
  Import took 0.009234 seconds .

========================================================================
Received Import Request.
  Time since last request: 9.979995 seconds.
  path: Assets/Sprite/RK_Lef.anim
  artifactKey: Guid(8b28841e3b8a5e24e86b89f6d11d8db1) Importer(815301076,1909f56bfc062723c751e8b465ee728b)
Start importing Assets/Sprite/RK_Lef.anim using Guid(8b28841e3b8a5e24e86b89f6d11d8db1) Importer(815301076,1909f56bfc062723c751e8b465ee728b)  -> (artifact id: '84208c4047eee7e701730664fe2096f4') in 0.013181 seconds
  Import took 0.016294 seconds .

========================================================================
Received Import Request.
  Time since last request: 3.292509 seconds.
  path: Assets/Sprite/RK_Left.anim
  artifactKey: Guid(8b28841e3b8a5e24e86b89f6d11d8db1) Importer(815301076,1909f56bfc062723c751e8b465ee728b)
Start importing Assets/Sprite/RK_Left.anim using Guid(8b28841e3b8a5e24e86b89f6d11d8db1) Importer(815301076,1909f56bfc062723c751e8b465ee728b)  -> (artifact id: '93eaebaffd6c520badba035e417567ae') in 0.005747 seconds
  Import took 0.009005 seconds .

========================================================================
Received Import Request.
  Time since last request: 44.282551 seconds.
  path: Assets/Sprite/RK_Right.anim
  artifactKey: Guid(ca36186ca6b4b00459dacaa04cfc57e5) Importer(815301076,1909f56bfc062723c751e8b465ee728b)
Start importing Assets/Sprite/RK_Right.anim using Guid(ca36186ca6b4b00459dacaa04cfc57e5) Importer(815301076,1909f56bfc062723c751e8b465ee728b)  -> (artifact id: '324236f9db64676087f2e96c245934c6') in 0.006773 seconds
  Import took 0.010143 seconds .

========================================================================
Received Import Request.
  Time since last request: 17.838919 seconds.
  path: Assets/Sprite/RK_Behind.anim
  artifactKey: Guid(692eebdde8b2de641ae16efe1295d6bf) Importer(815301076,1909f56bfc062723c751e8b465ee728b)
Start importing Assets/Sprite/RK_Behind.anim using Guid(692eebdde8b2de641ae16efe1295d6bf) Importer(815301076,1909f56bfc062723c751e8b465ee728b)  -> (artifact id: '6e88656c7d047961242f480e7fb47abc') in 0.005868 seconds
  Import took 0.009206 seconds .

AssetImportWorkerClient::OnTransportError - code=2 error=End of file
